.\Array.ilk
.\Array.pdb
A:\DOCUMENTS\NATHAN\MY DOCUMENTS\DROPBOX\WORKSPACE\CODEREPO\LIVECODE\CS450\ASSIGNMENT1\ARRAY.EXE
A:\DOCUMENTS\NATHAN\MY DOCUMENTS\DROPBOX\WORKSPACE\CODEREPO\LIVECODE\CS450\ASSIGNMENT1\ARRAY.ILK
A:\DOCUMENTS\NATHAN\MY DOCUMENTS\DROPBOX\WORKSPACE\CODEREPO\LIVECODE\CS450\ASSIGNMENT1\ARRAY.PDB
A:\DOCUMENTS\NATHAN\MY DOCUMENTS\DROPBOX\WORKSPACE\CODEREPO\LIVECODE\CS450\ASSIGNMENT1\DEBUG\ARRAY\I386\ARRAY.EXE.EMBED.MANIFEST.RES
A:\DOCUMENTS\NATHAN\MY DOCUMENTS\DROPBOX\WORKSPACE\CODEREPO\LIVECODE\CS450\ASSIGNMENT1\DEBUG\ARRAY\I386\ARRAY.EXE.INTERMEDIATE.MANIFEST
A:\DOCUMENTS\NATHAN\MY DOCUMENTS\DROPBOX\WORKSPACE\CODEREPO\LIVECODE\CS450\ASSIGNMENT1\DEBUG\ARRAY\I386\ARRAY.OBJ
A:\DOCUMENTS\NATHAN\MY DOCUMENTS\DROPBOX\WORKSPACE\CODEREPO\LIVECODE\CS450\ASSIGNMENT1\DEBUG\ARRAY\I386\TESTER.OBJ
A:\DOCUMENTS\NATHAN\MY DOCUMENTS\DROPBOX\WORKSPACE\CODEREPO\LIVECODE\CS450\ASSIGNMENT1\DEBUG\ARRAY\I386\VC100.PDB
A:\DOCUMENTS\NATHAN\MY DOCUMENTS\DROPBOX\WORKSPACE\IUPUIFALL2012\CS450SOFTWAREENGINEERING\PROJECTS\ASSIGNMENT1\ARRAY.EXE
A:\DOCUMENTS\NATHAN\MY DOCUMENTS\DROPBOX\WORKSPACE\IUPUIFALL2012\CS450SOFTWAREENGINEERING\PROJECTS\ASSIGNMENT1\ARRAY.ILK
A:\DOCUMENTS\NATHAN\MY DOCUMENTS\DROPBOX\WORKSPACE\IUPUIFALL2012\CS450SOFTWAREENGINEERING\PROJECTS\ASSIGNMENT1\ARRAY.PDB
A:\DOCUMENTS\NATHAN\MY DOCUMENTS\DROPBOX\WORKSPACE\IUPUIFALL2012\CS450SOFTWAREENGINEERING\PROJECTS\ASSIGNMENT1\DEBUG\ARRAY\I386\ARRAY.EXE.EMBED.MANIFEST
A:\DOCUMENTS\NATHAN\MY DOCUMENTS\DROPBOX\WORKSPACE\IUPUIFALL2012\CS450SOFTWAREENGINEERING\PROJECTS\ASSIGNMENT1\DEBUG\ARRAY\I386\ARRAY.EXE.EMBED.MANIFEST.RES
A:\DOCUMENTS\NATHAN\MY DOCUMENTS\DROPBOX\WORKSPACE\IUPUIFALL2012\CS450SOFTWAREENGINEERING\PROJECTS\ASSIGNMENT1\DEBUG\ARRAY\I386\ARRAY.EXE.INTERMEDIATE.MANIFEST
A:\DOCUMENTS\NATHAN\MY DOCUMENTS\DROPBOX\WORKSPACE\IUPUIFALL2012\CS450SOFTWAREENGINEERING\PROJECTS\ASSIGNMENT1\DEBUG\ARRAY\I386\ARRAY.OBJ
A:\DOCUMENTS\NATHAN\MY DOCUMENTS\DROPBOX\WORKSPACE\IUPUIFALL2012\CS450SOFTWAREENGINEERING\PROJECTS\ASSIGNMENT1\DEBUG\ARRAY\I386\TESTER.OBJ
A:\DOCUMENTS\NATHAN\MY DOCUMENTS\DROPBOX\WORKSPACE\IUPUIFALL2012\CS450SOFTWAREENGINEERING\PROJECTS\ASSIGNMENT1\DEBUG\ARRAY\I386\VC100.PDB
C:\Users\nathan.boyd\Dropbox\workspace\codeRepo\liveCode\cs450\assignment1\.\Array.exe
C:\USERS\NATHAN.BOYD\DROPBOX\WORKSPACE\CODEREPO\LIVECODE\CS450\ASSIGNMENT1\ARRAY.EXE
C:\USERS\NATHAN.BOYD\DROPBOX\WORKSPACE\CODEREPO\LIVECODE\CS450\ASSIGNMENT1\ARRAY.ILK
C:\USERS\NATHAN.BOYD\DROPBOX\WORKSPACE\CODEREPO\LIVECODE\CS450\ASSIGNMENT1\ARRAY.PDB
C:\Users\nathan.boyd\Dropbox\workspace\codeRepo\liveCode\cs450\assignment1\Debug\Array\I386\Array.exe.embed.manifest
C:\USERS\NATHAN.BOYD\DROPBOX\WORKSPACE\CODEREPO\LIVECODE\CS450\ASSIGNMENT1\DEBUG\ARRAY\I386\ARRAY.EXE.EMBED.MANIFEST.RES
C:\USERS\NATHAN.BOYD\DROPBOX\WORKSPACE\CODEREPO\LIVECODE\CS450\ASSIGNMENT1\DEBUG\ARRAY\I386\ARRAY.EXE.INTERMEDIATE.MANIFEST
C:\USERS\NATHAN.BOYD\DROPBOX\WORKSPACE\CODEREPO\LIVECODE\CS450\ASSIGNMENT1\DEBUG\ARRAY\I386\ARRAY.OBJ
C:\Users\nathan.boyd\Dropbox\workspace\codeRepo\liveCode\cs450\assignment1\Debug\Array\I386\Array.vcxprojResolveAssemblyReference.cache
C:\Users\nathan.boyd\Dropbox\workspace\codeRepo\liveCode\cs450\assignment1\Debug\Array\I386\Array.write.1.tlog
C:\Users\nathan.boyd\Dropbox\workspace\codeRepo\liveCode\cs450\assignment1\Debug\Array\I386\Array_manifest.rc
C:\Users\nathan.boyd\Dropbox\workspace\codeRepo\liveCode\cs450\assignment1\Debug\Array\I386\cl.command.1.tlog
C:\Users\nathan.boyd\Dropbox\workspace\codeRepo\liveCode\cs450\assignment1\Debug\Array\I386\CL.read.1.tlog
C:\Users\nathan.boyd\Dropbox\workspace\codeRepo\liveCode\cs450\assignment1\Debug\Array\I386\CL.write.1.tlog
C:\USERS\NATHAN.BOYD\DROPBOX\WORKSPACE\CODEREPO\LIVECODE\CS450\ASSIGNMENT1\DEBUG\ARRAY\I386\DRIVER.OBJ
C:\Users\nathan.boyd\Dropbox\workspace\codeRepo\liveCode\cs450\assignment1\Debug\Array\I386\link.10632.read.1.tlog
C:\Users\nathan.boyd\Dropbox\workspace\codeRepo\liveCode\cs450\assignment1\Debug\Array\I386\link.10632.write.1.tlog
C:\Users\nathan.boyd\Dropbox\workspace\codeRepo\liveCode\cs450\assignment1\Debug\Array\I386\link.10632-cvtres.read.1.tlog
C:\Users\nathan.boyd\Dropbox\workspace\codeRepo\liveCode\cs450\assignment1\Debug\Array\I386\link.10632-cvtres.write.1.tlog
C:\Users\nathan.boyd\Dropbox\workspace\codeRepo\liveCode\cs450\assignment1\Debug\Array\I386\link.11180.read.1.tlog
C:\Users\nathan.boyd\Dropbox\workspace\codeRepo\liveCode\cs450\assignment1\Debug\Array\I386\link.11180.write.1.tlog
C:\Users\nathan.boyd\Dropbox\workspace\codeRepo\liveCode\cs450\assignment1\Debug\Array\I386\link.11180-cvtres.read.1.tlog
C:\Users\nathan.boyd\Dropbox\workspace\codeRepo\liveCode\cs450\assignment1\Debug\Array\I386\link.11180-cvtres.write.1.tlog
C:\Users\nathan.boyd\Dropbox\workspace\codeRepo\liveCode\cs450\assignment1\Debug\Array\I386\link.1304.read.1.tlog
C:\Users\nathan.boyd\Dropbox\workspace\codeRepo\liveCode\cs450\assignment1\Debug\Array\I386\link.1304.write.1.tlog
C:\Users\nathan.boyd\Dropbox\workspace\codeRepo\liveCode\cs450\assignment1\Debug\Array\I386\link.1304-cvtres.read.1.tlog
C:\Users\nathan.boyd\Dropbox\workspace\codeRepo\liveCode\cs450\assignment1\Debug\Array\I386\link.1304-cvtres.write.1.tlog
C:\Users\nathan.boyd\Dropbox\workspace\codeRepo\liveCode\cs450\assignment1\Debug\Array\I386\link.14104.read.1.tlog
C:\Users\nathan.boyd\Dropbox\workspace\codeRepo\liveCode\cs450\assignment1\Debug\Array\I386\link.14104.write.1.tlog
C:\Users\nathan.boyd\Dropbox\workspace\codeRepo\liveCode\cs450\assignment1\Debug\Array\I386\link.14104-cvtres.read.1.tlog
C:\Users\nathan.boyd\Dropbox\workspace\codeRepo\liveCode\cs450\assignment1\Debug\Array\I386\link.14104-cvtres.write.1.tlog
C:\Users\nathan.boyd\Dropbox\workspace\codeRepo\liveCode\cs450\assignment1\Debug\Array\I386\link.15760.read.1.tlog
C:\Users\nathan.boyd\Dropbox\workspace\codeRepo\liveCode\cs450\assignment1\Debug\Array\I386\link.15760.write.1.tlog
C:\Users\nathan.boyd\Dropbox\workspace\codeRepo\liveCode\cs450\assignment1\Debug\Array\I386\link.15760-cvtres.read.1.tlog
C:\Users\nathan.boyd\Dropbox\workspace\codeRepo\liveCode\cs450\assignment1\Debug\Array\I386\link.15760-cvtres.write.1.tlog
C:\Users\nathan.boyd\Dropbox\workspace\codeRepo\liveCode\cs450\assignment1\Debug\Array\I386\link.15968.read.1.tlog
C:\Users\nathan.boyd\Dropbox\workspace\codeRepo\liveCode\cs450\assignment1\Debug\Array\I386\link.15968.write.1.tlog
C:\Users\nathan.boyd\Dropbox\workspace\codeRepo\liveCode\cs450\assignment1\Debug\Array\I386\link.15968-cvtres.read.1.tlog
C:\Users\nathan.boyd\Dropbox\workspace\codeRepo\liveCode\cs450\assignment1\Debug\Array\I386\link.15968-cvtres.write.1.tlog
C:\Users\nathan.boyd\Dropbox\workspace\codeRepo\liveCode\cs450\assignment1\Debug\Array\I386\link.16496.read.1.tlog
C:\Users\nathan.boyd\Dropbox\workspace\codeRepo\liveCode\cs450\assignment1\Debug\Array\I386\link.16496.write.1.tlog
C:\Users\nathan.boyd\Dropbox\workspace\codeRepo\liveCode\cs450\assignment1\Debug\Array\I386\link.16496-cvtres.read.1.tlog
C:\Users\nathan.boyd\Dropbox\workspace\codeRepo\liveCode\cs450\assignment1\Debug\Array\I386\link.16496-cvtres.write.1.tlog
C:\Users\nathan.boyd\Dropbox\workspace\codeRepo\liveCode\cs450\assignment1\Debug\Array\I386\link.16704.read.1.tlog
C:\Users\nathan.boyd\Dropbox\workspace\codeRepo\liveCode\cs450\assignment1\Debug\Array\I386\link.16704.write.1.tlog
C:\Users\nathan.boyd\Dropbox\workspace\codeRepo\liveCode\cs450\assignment1\Debug\Array\I386\link.16704-cvtres.read.1.tlog
C:\Users\nathan.boyd\Dropbox\workspace\codeRepo\liveCode\cs450\assignment1\Debug\Array\I386\link.16704-cvtres.write.1.tlog
C:\Users\nathan.boyd\Dropbox\workspace\codeRepo\liveCode\cs450\assignment1\Debug\Array\I386\link.16760.read.1.tlog
C:\Users\nathan.boyd\Dropbox\workspace\codeRepo\liveCode\cs450\assignment1\Debug\Array\I386\link.16760.write.1.tlog
C:\Users\nathan.boyd\Dropbox\workspace\codeRepo\liveCode\cs450\assignment1\Debug\Array\I386\link.16760-cvtres.read.1.tlog
C:\Users\nathan.boyd\Dropbox\workspace\codeRepo\liveCode\cs450\assignment1\Debug\Array\I386\link.16760-cvtres.write.1.tlog
C:\Users\nathan.boyd\Dropbox\workspace\codeRepo\liveCode\cs450\assignment1\Debug\Array\I386\link.17192.read.1.tlog
C:\Users\nathan.boyd\Dropbox\workspace\codeRepo\liveCode\cs450\assignment1\Debug\Array\I386\link.17192.write.1.tlog
C:\Users\nathan.boyd\Dropbox\workspace\codeRepo\liveCode\cs450\assignment1\Debug\Array\I386\link.17192-cvtres.read.1.tlog
C:\Users\nathan.boyd\Dropbox\workspace\codeRepo\liveCode\cs450\assignment1\Debug\Array\I386\link.17192-cvtres.write.1.tlog
C:\Users\nathan.boyd\Dropbox\workspace\codeRepo\liveCode\cs450\assignment1\Debug\Array\I386\link.3624.read.1.tlog
C:\Users\nathan.boyd\Dropbox\workspace\codeRepo\liveCode\cs450\assignment1\Debug\Array\I386\link.3624.write.1.tlog
C:\Users\nathan.boyd\Dropbox\workspace\codeRepo\liveCode\cs450\assignment1\Debug\Array\I386\link.3624-cvtres.read.1.tlog
C:\Users\nathan.boyd\Dropbox\workspace\codeRepo\liveCode\cs450\assignment1\Debug\Array\I386\link.3624-cvtres.write.1.tlog
C:\Users\nathan.boyd\Dropbox\workspace\codeRepo\liveCode\cs450\assignment1\Debug\Array\I386\link.4600.read.1.tlog
C:\Users\nathan.boyd\Dropbox\workspace\codeRepo\liveCode\cs450\assignment1\Debug\Array\I386\link.4600.write.1.tlog
C:\Users\nathan.boyd\Dropbox\workspace\codeRepo\liveCode\cs450\assignment1\Debug\Array\I386\link.4600-cvtres.read.1.tlog
C:\Users\nathan.boyd\Dropbox\workspace\codeRepo\liveCode\cs450\assignment1\Debug\Array\I386\link.4600-cvtres.write.1.tlog
C:\Users\nathan.boyd\Dropbox\workspace\codeRepo\liveCode\cs450\assignment1\Debug\Array\I386\link.8344.read.1.tlog
C:\Users\nathan.boyd\Dropbox\workspace\codeRepo\liveCode\cs450\assignment1\Debug\Array\I386\link.8344.write.1.tlog
C:\Users\nathan.boyd\Dropbox\workspace\codeRepo\liveCode\cs450\assignment1\Debug\Array\I386\link.8344-cvtres.read.1.tlog
C:\Users\nathan.boyd\Dropbox\workspace\codeRepo\liveCode\cs450\assignment1\Debug\Array\I386\link.8344-cvtres.write.1.tlog
C:\Users\nathan.boyd\Dropbox\workspace\codeRepo\liveCode\cs450\assignment1\Debug\Array\I386\link.8828.read.1.tlog
C:\Users\nathan.boyd\Dropbox\workspace\codeRepo\liveCode\cs450\assignment1\Debug\Array\I386\link.8828.write.1.tlog
C:\Users\nathan.boyd\Dropbox\workspace\codeRepo\liveCode\cs450\assignment1\Debug\Array\I386\link.8828-cvtres.read.1.tlog
C:\Users\nathan.boyd\Dropbox\workspace\codeRepo\liveCode\cs450\assignment1\Debug\Array\I386\link.8828-cvtres.write.1.tlog
C:\Users\nathan.boyd\Dropbox\workspace\codeRepo\liveCode\cs450\assignment1\Debug\Array\I386\link.8844.read.1.tlog
C:\Users\nathan.boyd\Dropbox\workspace\codeRepo\liveCode\cs450\assignment1\Debug\Array\I386\link.8844.write.1.tlog
C:\Users\nathan.boyd\Dropbox\workspace\codeRepo\liveCode\cs450\assignment1\Debug\Array\I386\link.8844-cvtres.read.1.tlog
C:\Users\nathan.boyd\Dropbox\workspace\codeRepo\liveCode\cs450\assignment1\Debug\Array\I386\link.8844-cvtres.write.1.tlog
C:\Users\nathan.boyd\Dropbox\workspace\codeRepo\liveCode\cs450\assignment1\Debug\Array\I386\link.command.1.tlog
C:\Users\nathan.boyd\Dropbox\workspace\codeRepo\liveCode\cs450\assignment1\Debug\Array\I386\link.read.1.tlog
C:\Users\nathan.boyd\Dropbox\workspace\codeRepo\liveCode\cs450\assignment1\Debug\Array\I386\link.write.1.tlog
C:\Users\nathan.boyd\Dropbox\workspace\codeRepo\liveCode\cs450\assignment1\Debug\Array\I386\link-cvtres.read.1.tlog
C:\Users\nathan.boyd\Dropbox\workspace\codeRepo\liveCode\cs450\assignment1\Debug\Array\I386\link-cvtres.write.1.tlog
C:\Users\nathan.boyd\Dropbox\workspace\codeRepo\liveCode\cs450\assignment1\Debug\Array\I386\mt.command.1.tlog
C:\Users\nathan.boyd\Dropbox\workspace\codeRepo\liveCode\cs450\assignment1\Debug\Array\I386\mt.read.1.tlog
C:\Users\nathan.boyd\Dropbox\workspace\codeRepo\liveCode\cs450\assignment1\Debug\Array\I386\mt.write.1.tlog
C:\Users\nathan.boyd\Dropbox\workspace\codeRepo\liveCode\cs450\assignment1\Debug\Array\I386\rc.command.1.tlog
C:\Users\nathan.boyd\Dropbox\workspace\codeRepo\liveCode\cs450\assignment1\Debug\Array\I386\rc.read.1.tlog
C:\Users\nathan.boyd\Dropbox\workspace\codeRepo\liveCode\cs450\assignment1\Debug\Array\I386\rc.write.1.tlog
C:\USERS\NATHAN.BOYD\DROPBOX\WORKSPACE\CODEREPO\LIVECODE\CS450\ASSIGNMENT1\DEBUG\ARRAY\I386\TESTER.OBJ
C:\Users\nathan.boyd\Dropbox\workspace\codeRepo\liveCode\cs450\assignment1\Debug\Array\I386\vc100.idb
C:\USERS\NATHAN.BOYD\DROPBOX\WORKSPACE\CODEREPO\LIVECODE\CS450\ASSIGNMENT1\DEBUG\ARRAY\I386\VC100.PDB
C:\USERS\NATHAN.BOYD\DROPBOX\WORKSPACE\IUPUIFALL2012\CS450SOFTWAREENGINEERING\PROJECTS\ASSIGNMENT1\ARRAY.EXE
C:\USERS\NATHAN.BOYD\DROPBOX\WORKSPACE\IUPUIFALL2012\CS450SOFTWAREENGINEERING\PROJECTS\ASSIGNMENT1\ARRAY.ILK
C:\USERS\NATHAN.BOYD\DROPBOX\WORKSPACE\IUPUIFALL2012\CS450SOFTWAREENGINEERING\PROJECTS\ASSIGNMENT1\ARRAY.PDB
C:\USERS\NATHAN.BOYD\DROPBOX\WORKSPACE\IUPUIFALL2012\CS450SOFTWAREENGINEERING\PROJECTS\ASSIGNMENT1\DEBUG\ARRAY\I386\ARRAY.EXE.EMBED.MANIFEST.RES
C:\USERS\NATHAN.BOYD\DROPBOX\WORKSPACE\IUPUIFALL2012\CS450SOFTWAREENGINEERING\PROJECTS\ASSIGNMENT1\DEBUG\ARRAY\I386\ARRAY.EXE.INTERMEDIATE.MANIFEST
C:\USERS\NATHAN.BOYD\DROPBOX\WORKSPACE\IUPUIFALL2012\CS450SOFTWAREENGINEERING\PROJECTS\ASSIGNMENT1\DEBUG\ARRAY\I386\ARRAY.OBJ
C:\USERS\NATHAN.BOYD\DROPBOX\WORKSPACE\IUPUIFALL2012\CS450SOFTWAREENGINEERING\PROJECTS\ASSIGNMENT1\DEBUG\ARRAY\I386\TESTER.OBJ
C:\USERS\NATHAN.BOYD\DROPBOX\WORKSPACE\IUPUIFALL2012\CS450SOFTWAREENGINEERING\PROJECTS\ASSIGNMENT1\DEBUG\ARRAY\I386\VC100.PDB
