A:\DOCUMENTS\NATHAN\MY DOCUMENTS\DROPBOX\WORKSPACE\CODEREPO\LIVECODE\CS450\ASSIGNENT1RETOUCHED\DEBUG\ARRAY\I386\DRIVER.OBJ
A:\DOCUMENTS\NATHAN\MY DOCUMENTS\DROPBOX\WORKSPACE\CODEREPO\LIVECODE\CS450\ASSIGNENT1RETOUCHED\DEBUG\ARRAY\I386\ARRAY.OBJ
A:\DOCUMENTS\NATHAN\MY DOCUMENTS\DROPBOX\WORKSPACE\CODEREPO\LIVECODE\CS450\ASSIGNENT1RETOUCHED\DEBUG\ARRAY\I386\VC110.PDB
A:\DOCUMENTS\NATHAN\MY DOCUMENTS\DROPBOX\WORKSPACE\CODEREPO\LIVECODE\CS450\ASSIGNENT1RETOUCHED\ARRAY.ILK
A:\DOCUMENTS\NATHAN\MY DOCUMENTS\DROPBOX\WORKSPACE\CODEREPO\LIVECODE\CS450\ASSIGNENT1RETOUCHED\ARRAY.EXE
A:\DOCUMENTS\NATHAN\MY DOCUMENTS\DROPBOX\WORKSPACE\CODEREPO\LIVECODE\CS450\ASSIGNENT1RETOUCHED\ARRAY.PDB
A:\documents\nathan\My Documents\Dropbox\workspace\codeRepo\liveCode\cs450\assignent1Retouched\Debug\Array\I386\Array.obj
A:\documents\nathan\My Documents\Dropbox\workspace\codeRepo\liveCode\cs450\assignent1Retouched\Debug\Array\I386\driver.obj
A:\documents\nathan\My Documents\Dropbox\workspace\codeRepo\liveCode\cs450\assignent1Retouched\Debug\Array\I386\cl.command.1.tlog
A:\documents\nathan\My Documents\Dropbox\workspace\codeRepo\liveCode\cs450\assignent1Retouched\Debug\Array\I386\CL.read.1.tlog
A:\documents\nathan\My Documents\Dropbox\workspace\codeRepo\liveCode\cs450\assignent1Retouched\Debug\Array\I386\CL.write.1.tlog
A:\documents\nathan\My Documents\Dropbox\workspace\codeRepo\liveCode\cs450\assignent1Retouched\Debug\Array\I386\link-cvtres.read.1.tlog
A:\documents\nathan\My Documents\Dropbox\workspace\codeRepo\liveCode\cs450\assignent1Retouched\Debug\Array\I386\link-cvtres.write.1.tlog
A:\documents\nathan\My Documents\Dropbox\workspace\codeRepo\liveCode\cs450\assignent1Retouched\Debug\Array\I386\link-rc.read.1.tlog
A:\documents\nathan\My Documents\Dropbox\workspace\codeRepo\liveCode\cs450\assignent1Retouched\Debug\Array\I386\link-rc.write.1.tlog
A:\documents\nathan\My Documents\Dropbox\workspace\codeRepo\liveCode\cs450\assignent1Retouched\Debug\Array\I386\link.command.1.tlog
A:\documents\nathan\My Documents\Dropbox\workspace\codeRepo\liveCode\cs450\assignent1Retouched\Debug\Array\I386\link.read.1.tlog
A:\documents\nathan\My Documents\Dropbox\workspace\codeRepo\liveCode\cs450\assignent1Retouched\Debug\Array\I386\link.write.1.tlog
A:\documents\nathan\My Documents\Dropbox\workspace\codeRepo\liveCode\cs450\assignent1Retouched\Debug\Array\I386\vc110.idb
A:\documents\nathan\My Documents\Dropbox\workspace\codeRepo\liveCode\cs450\assignent1Retouched\Debug\Array\I386\vc110.pdb
A:\documents\nathan\My Documents\Dropbox\workspace\codeRepo\liveCode\cs450\assignent1Retouched\.\Array.exe
