Build started 9/3/2012 12:34:22 AM.
     1>Project "C:\Users\nathan.boyd\Dropbox\workspace\iupuiFall2012\cs450SoftwareEngineering\projects\assignment1\Array.vcxproj" on node 2 (build target(s)).
     1>InitializeBuildStatus:
         Creating "Debug\Array\I386\Array.unsuccessfulbuild" because "AlwaysCreate" was specified.
       ClCompile:
         c:\Program Files (x86)\Microsoft Visual Studio 10.0\VC\bin\CL.exe /c /ZI /nologo /W3 /WX- /Od /Oy- /D _DEBUG /D WIN32 /D _CONSOLE /D _CRT_NONSTDC_NO_WARNINGS /Gm- /EHsc /RTC1 /MDd /GS /fp:precise /Zc:wchar_t /Zc:forScope /GR /Fo"Debug\Array\I386\\" /Fd"Debug\Array\I386\vc100.pdb" /Gd /TP /analyze- /errorReport:prompt tester.cpp
         tester.cpp
       ManifestResourceCompile:
         All outputs are up-to-date.
       Link:
         c:\Program Files (x86)\Microsoft Visual Studio 10.0\VC\bin\link.exe /ERRORREPORT:PROMPT /OUT:".\Array.exe" /INCREMENTAL /NOLOGO /LIBPATH:. kernel32.lib user32.lib gdi32.lib winspool.lib comdlg32.lib advapi32.lib shell32.lib ole32.lib oleaut32.lib uuid.lib odbc32.lib odbccp32.lib /MANIFEST /ManifestFile:"Debug\Array\I386\Array.exe.intermediate.manifest" /MANIFESTUAC:"level='asInvoker' uiAccess='false'" /DEBUG /PDB:"C:\Users\nathan.boyd\Dropbox\workspace\iupuiFall2012\cs450SoftwareEngineering\projects\assignment1\Array.pdb" /SUBSYSTEM:CONSOLE /TLBID:1 /DYNAMICBASE /NXCOMPAT /IMPLIB:".\Array.lib" /MACHINE:X86 Debug\Array\I386\Array.exe.embed.manifest.res
         Debug\Array\I386\Array.obj
         Debug\Array\I386\tester.obj
       Manifest:
         C:\Program Files (x86)\Microsoft SDKs\Windows\v7.0A\bin\mt.exe /nologo /verbose /out:"Debug\Array\I386\Array.exe.embed.manifest" /manifest Debug\Array\I386\Array.exe.intermediate.manifest
         All outputs are up-to-date.
       LinkEmbedManifest:
         All outputs are up-to-date.
         Array.vcxproj -> C:\Users\nathan.boyd\Dropbox\workspace\iupuiFall2012\cs450SoftwareEngineering\projects\assignment1\.\Array.exe
       FinalizeBuildStatus:
         Deleting file "Debug\Array\I386\Array.unsuccessfulbuild".
         Touching "Debug\Array\I386\Array.lastbuildstate".
     1>Done Building Project "C:\Users\nathan.boyd\Dropbox\workspace\iupuiFall2012\cs450SoftwareEngineering\projects\assignment1\Array.vcxproj" (build target(s)).

Build succeeded.

Time Elapsed 00:00:00.93
