.\Array.ilk
.\Array.pdb
A:\documents\nathan\My Documents\Dropbox\workspace\iupuiFall2012\cs450SoftwareEngineering\projects\assignment1\.\Array.exe
A:\DOCUMENTS\NATHAN\MY DOCUMENTS\DROPBOX\WORKSPACE\IUPUIFALL2012\CS450SOFTWAREENGINEERING\PROJECTS\ASSIGNMENT1\ARRAY.EXE
A:\DOCUMENTS\NATHAN\MY DOCUMENTS\DROPBOX\WORKSPACE\IUPUIFALL2012\CS450SOFTWAREENGINEERING\PROJECTS\ASSIGNMENT1\ARRAY.ILK
A:\DOCUMENTS\NATHAN\MY DOCUMENTS\DROPBOX\WORKSPACE\IUPUIFALL2012\CS450SOFTWAREENGINEERING\PROJECTS\ASSIGNMENT1\ARRAY.PDB
A:\DOCUMENTS\NATHAN\MY DOCUMENTS\DROPBOX\WORKSPACE\IUPUIFALL2012\CS450SOFTWAREENGINEERING\PROJECTS\ASSIGNMENT1\DEBUG\ARRAY\I386\ARRAY.EXE.EMBED.MANIFEST
A:\DOCUMENTS\NATHAN\MY DOCUMENTS\DROPBOX\WORKSPACE\IUPUIFALL2012\CS450SOFTWAREENGINEERING\PROJECTS\ASSIGNMENT1\DEBUG\ARRAY\I386\ARRAY.EXE.EMBED.MANIFEST.RES
A:\DOCUMENTS\NATHAN\MY DOCUMENTS\DROPBOX\WORKSPACE\IUPUIFALL2012\CS450SOFTWAREENGINEERING\PROJECTS\ASSIGNMENT1\DEBUG\ARRAY\I386\ARRAY.EXE.INTERMEDIATE.MANIFEST
A:\DOCUMENTS\NATHAN\MY DOCUMENTS\DROPBOX\WORKSPACE\IUPUIFALL2012\CS450SOFTWAREENGINEERING\PROJECTS\ASSIGNMENT1\DEBUG\ARRAY\I386\ARRAY.OBJ
A:\documents\nathan\My Documents\Dropbox\workspace\iupuiFall2012\cs450SoftwareEngineering\projects\assignment1\Debug\Array\I386\Array_manifest.rc
A:\documents\nathan\My Documents\Dropbox\workspace\iupuiFall2012\cs450SoftwareEngineering\projects\assignment1\Debug\Array\I386\cl.command.1.tlog
A:\documents\nathan\My Documents\Dropbox\workspace\iupuiFall2012\cs450SoftwareEngineering\projects\assignment1\Debug\Array\I386\CL.read.1.tlog
A:\documents\nathan\My Documents\Dropbox\workspace\iupuiFall2012\cs450SoftwareEngineering\projects\assignment1\Debug\Array\I386\CL.write.1.tlog
A:\documents\nathan\My Documents\Dropbox\workspace\iupuiFall2012\cs450SoftwareEngineering\projects\assignment1\Debug\Array\I386\link.10636.read.1.tlog
A:\documents\nathan\My Documents\Dropbox\workspace\iupuiFall2012\cs450SoftwareEngineering\projects\assignment1\Debug\Array\I386\link.10636.write.1.tlog
A:\documents\nathan\My Documents\Dropbox\workspace\iupuiFall2012\cs450SoftwareEngineering\projects\assignment1\Debug\Array\I386\link.10636-cvtres.read.1.tlog
A:\documents\nathan\My Documents\Dropbox\workspace\iupuiFall2012\cs450SoftwareEngineering\projects\assignment1\Debug\Array\I386\link.10636-cvtres.write.1.tlog
A:\documents\nathan\My Documents\Dropbox\workspace\iupuiFall2012\cs450SoftwareEngineering\projects\assignment1\Debug\Array\I386\link.command.1.tlog
A:\documents\nathan\My Documents\Dropbox\workspace\iupuiFall2012\cs450SoftwareEngineering\projects\assignment1\Debug\Array\I386\link.read.1.tlog
A:\documents\nathan\My Documents\Dropbox\workspace\iupuiFall2012\cs450SoftwareEngineering\projects\assignment1\Debug\Array\I386\link.write.1.tlog
A:\documents\nathan\My Documents\Dropbox\workspace\iupuiFall2012\cs450SoftwareEngineering\projects\assignment1\Debug\Array\I386\link-cvtres.read.1.tlog
A:\documents\nathan\My Documents\Dropbox\workspace\iupuiFall2012\cs450SoftwareEngineering\projects\assignment1\Debug\Array\I386\link-cvtres.write.1.tlog
A:\documents\nathan\My Documents\Dropbox\workspace\iupuiFall2012\cs450SoftwareEngineering\projects\assignment1\Debug\Array\I386\mt.command.1.tlog
A:\documents\nathan\My Documents\Dropbox\workspace\iupuiFall2012\cs450SoftwareEngineering\projects\assignment1\Debug\Array\I386\mt.read.1.tlog
A:\documents\nathan\My Documents\Dropbox\workspace\iupuiFall2012\cs450SoftwareEngineering\projects\assignment1\Debug\Array\I386\mt.write.1.tlog
A:\documents\nathan\My Documents\Dropbox\workspace\iupuiFall2012\cs450SoftwareEngineering\projects\assignment1\Debug\Array\I386\rc.command.1.tlog
A:\documents\nathan\My Documents\Dropbox\workspace\iupuiFall2012\cs450SoftwareEngineering\projects\assignment1\Debug\Array\I386\rc.read.1.tlog
A:\documents\nathan\My Documents\Dropbox\workspace\iupuiFall2012\cs450SoftwareEngineering\projects\assignment1\Debug\Array\I386\rc.write.1.tlog
A:\DOCUMENTS\NATHAN\MY DOCUMENTS\DROPBOX\WORKSPACE\IUPUIFALL2012\CS450SOFTWAREENGINEERING\PROJECTS\ASSIGNMENT1\DEBUG\ARRAY\I386\TESTER.OBJ
A:\documents\nathan\My Documents\Dropbox\workspace\iupuiFall2012\cs450SoftwareEngineering\projects\assignment1\Debug\Array\I386\vc100.idb
A:\DOCUMENTS\NATHAN\MY DOCUMENTS\DROPBOX\WORKSPACE\IUPUIFALL2012\CS450SOFTWAREENGINEERING\PROJECTS\ASSIGNMENT1\DEBUG\ARRAY\I386\VC100.PDB
